[2019-04-02 06:47:40] Starting ...
[2019-04-02 06:47:40] Parameters:
[2019-04-02 06:47:40] /useexistingxml   - use the xml files in the data directory (use this for old versions)
[2019-04-02 06:47:40] /rebuildschema    - create or replace all tables and functions
[2019-04-02 06:47:40] /onlytab          - don't import data into database only create tab seperated files
[2019-04-02 06:47:40] /forceupdate      - import database even when database is already up to date. /onlyTab must be off
[2019-04-02 06:47:40] 
[2019-04-02 06:47:40] Using (xml) data stored in './Data'.
[2019-04-02 06:47:40] 
[2019-04-02 06:47:41] Local Discogs is up to date!
[2019-04-02 06:47:41] 
[2019-04-02 06:47:41] Connected to Postgres.
[2019-04-02 06:47:41] Create or replace base tables.
[2019-04-02 06:47:41] Create or replace schema.
[2019-04-02 06:47:41] Exporting ARTISTS.XML data to TAB files.
[2019-04-02 06:51:23] Using existing artist TAB files
[2019-04-02 06:51:23] Importing ARTISTS TAB files into Postgres.
[2019-04-02 06:51:23] Inserting ./Data/Artist.TAB ...
[2019-04-02 06:51:36] Inserting ./Data/ArtistAlias.TAB ...
[2019-04-02 06:51:40] Inserting ./Data/xgroup.TAB ...
[2019-04-02 06:51:41] Inserting ./Data/xmember.TAB ...
[2019-04-02 06:51:41] Inserting ./Data/ArtistNameVariation.TAB ...
[2019-04-02 06:51:46] Inserting ./Data/ArtistURL.TAB ...
[2019-04-02 06:51:58] ARTIST Done
[2019-04-02 06:51:58] 6138995 entities processed
[2019-04-02 06:51:58] 1960449 records inserted
[2019-04-02 06:51:58] Elapsed index time 0:04:16
[2019-04-02 06:51:58] 
[2019-04-02 06:51:58] Exporting RELEASES.XML data to TAB files.
